<?xml version="1.0" encoding="UTF-8"?>
<!-- Generated by org.testng.reporters.JUnitReportReporter -->
<testsuite skipped="0" hostname="BEL-FAMILLE" name="testCases.Authentification.Login_valid_data_Tests" tests="2" failures="0" timestamp="30 Dec 2018 02:02:50 GMT" time="2.634" errors="0">
  <testcase name="login_With_Valid_Data" time="1.146" classname="testCases.Authentification.Login_valid_data_Tests"/>
  <testcase name="logout" time="1.488" classname="testCases.Authentification.Login_valid_data_Tests"/>
</testsuite> <!-- testCases.Authentification.Login_valid_data_Tests -->
