<?xml version="1.0" encoding="UTF-8"?>
<!-- Generated by org.testng.reporters.JUnitReportReporter -->
<testsuite skipped="0" hostname="BEL-FAMILLE" name="testCases.Login_Invalid_data_Tests" tests="6" failures="0" timestamp="29 Dec 2018 14:59:17 GMT" time="10.128" errors="0">
  <testcase name="loginInvalidData" time="1.320" classname="testCases.Login_Invalid_data_Tests"/>
  <testcase name="loginInvalidData" time="1.668" classname="testCases.Login_Invalid_data_Tests"/>
  <testcase name="loginInvalidData" time="1.871" classname="testCases.Login_Invalid_data_Tests"/>
  <testcase name="loginInvalidData" time="1.372" classname="testCases.Login_Invalid_data_Tests"/>
  <testcase name="loginInvalidData" time="1.953" classname="testCases.Login_Invalid_data_Tests"/>
  <testcase name="loginInvalidData" time="1.944" classname="testCases.Login_Invalid_data_Tests"/>
</testsuite> <!-- testCases.Login_Invalid_data_Tests -->
