<?xml version="1.0" encoding="UTF-8"?>
<!-- Generated by org.testng.reporters.JUnitReportReporter -->
<testsuite skipped="0" hostname="BEL-FAMILLE" name="testCases.Login_Invalid_data_Tests" tests="6" failures="0" timestamp="28 dÃ©c. 2018 01:31:08 GMT" time="9.740" errors="0">
  <testcase name="loginInvalidData" time="1.592" classname="testCases.Login_Invalid_data_Tests"/>
  <testcase name="loginInvalidData" time="1.935" classname="testCases.Login_Invalid_data_Tests"/>
  <testcase name="loginInvalidData" time="1.649" classname="testCases.Login_Invalid_data_Tests"/>
  <testcase name="loginInvalidData" time="1.890" classname="testCases.Login_Invalid_data_Tests"/>
  <testcase name="loginInvalidData" time="1.335" classname="testCases.Login_Invalid_data_Tests"/>
  <testcase name="loginInvalidData" time="1.339" classname="testCases.Login_Invalid_data_Tests"/>
</testsuite> <!-- testCases.Login_Invalid_data_Tests -->
