<?xml version="1.0" encoding="UTF-8"?>
<!-- Generated by org.testng.reporters.JUnitReportReporter -->
<testsuite skipped="0" hostname="BEL-FAMILLE" name="testCases.LoginTests" tests="2" failures="0" timestamp="27 dÃ©c. 2018 20:36:05 GMT" time="2.515" errors="0">
  <testcase name="loginWithValidData" time="1.410" classname="testCases.LoginTests"/>
  <testcase name="logout" time="1.105" classname="testCases.LoginTests"/>
</testsuite> <!-- testCases.LoginTests -->
