<?xml version="1.0" encoding="UTF-8"?>
<!-- Generated by org.testng.reporters.JUnitReportReporter -->
<testsuite skipped="0" hostname="BEL-FAMILLE" name="testCases.Authentification.Login_Invalid_data_Tests" tests="6" failures="0" timestamp="30 Dec 2018 02:02:50 GMT" time="3.941" errors="0">
  <testcase name="loginInvalidData" time="0.661" classname="testCases.Authentification.Login_Invalid_data_Tests"/>
  <testcase name="loginInvalidData" time="0.689" classname="testCases.Authentification.Login_Invalid_data_Tests"/>
  <testcase name="loginInvalidData" time="0.634" classname="testCases.Authentification.Login_Invalid_data_Tests"/>
  <testcase name="loginInvalidData" time="0.612" classname="testCases.Authentification.Login_Invalid_data_Tests"/>
  <testcase name="loginInvalidData" time="0.658" classname="testCases.Authentification.Login_Invalid_data_Tests"/>
  <testcase name="loginInvalidData" time="0.687" classname="testCases.Authentification.Login_Invalid_data_Tests"/>
</testsuite> <!-- testCases.Authentification.Login_Invalid_data_Tests -->
