<?xml version="1.0" encoding="UTF-8"?>
<!-- Generated by org.testng.reporters.JUnitReportReporter -->
<testsuite skipped="0" hostname="BEL-FAMILLE" name="rough.TestExtentSample" tests="1" failures="0" timestamp="28 dÃ©c. 2018 17:06:59 GMT" time="6.672" errors="0">
  <testcase name="checkSignupPage" time="6.672" classname="rough.TestExtentSample"/>
</testsuite> <!-- rough.TestExtentSample -->
