<?xml version="1.0" encoding="UTF-8"?>
<!-- Generated by org.testng.reporters.JUnitReportReporter -->
<testsuite skipped="0" hostname="BEL-FAMILLE" name="testCases.Login_valid_data_Tests" tests="4" failures="0" timestamp="30 Dec 2018 00:55:13 GMT" time="5.544" errors="0">
  <testcase name="login_With_Valid_Data" time="1.176" classname="testCases.Login_valid_data_Tests"/>
  <testcase name="login_With_Valid_Data" time="1.214" classname="testCases.Login_valid_data_Tests"/>
  <testcase name="logout" time="1.590" classname="testCases.Login_valid_data_Tests"/>
  <testcase name="logout" time="1.564" classname="testCases.Login_valid_data_Tests"/>
</testsuite> <!-- testCases.Login_valid_data_Tests -->
