<?xml version="1.0" encoding="UTF-8"?>
<!-- Generated by org.testng.reporters.JUnitReportReporter -->
<testsuite skipped="0" hostname="BEL-FAMILLE" name="testCases.Login_Invalid_data_Tests" tests="12" failures="0" timestamp="30 Dec 2018 00:55:13 GMT" time="7.832" errors="0">
  <testcase name="loginInvalidData" time="0.645" classname="testCases.Login_Invalid_data_Tests"/>
  <testcase name="loginInvalidData" time="0.714" classname="testCases.Login_Invalid_data_Tests"/>
  <testcase name="loginInvalidData" time="0.636" classname="testCases.Login_Invalid_data_Tests"/>
  <testcase name="loginInvalidData" time="0.621" classname="testCases.Login_Invalid_data_Tests"/>
  <testcase name="loginInvalidData" time="0.651" classname="testCases.Login_Invalid_data_Tests"/>
  <testcase name="loginInvalidData" time="0.602" classname="testCases.Login_Invalid_data_Tests"/>
  <testcase name="loginInvalidData" time="0.717" classname="testCases.Login_Invalid_data_Tests"/>
  <testcase name="loginInvalidData" time="0.614" classname="testCases.Login_Invalid_data_Tests"/>
  <testcase name="loginInvalidData" time="0.614" classname="testCases.Login_Invalid_data_Tests"/>
  <testcase name="loginInvalidData" time="0.686" classname="testCases.Login_Invalid_data_Tests"/>
  <testcase name="loginInvalidData" time="0.662" classname="testCases.Login_Invalid_data_Tests"/>
  <testcase name="loginInvalidData" time="0.670" classname="testCases.Login_Invalid_data_Tests"/>
</testsuite> <!-- testCases.Login_Invalid_data_Tests -->
