<?xml version="1.0" encoding="UTF-8"?>
<!-- Generated by org.testng.reporters.JUnitReportReporter -->
<testsuite skipped="0" hostname="BEL-FAMILLE" name="rough.TestSampleExtent" tests="1" failures="0" timestamp="29 Dec 2018 00:23:10 GMT" time="6.938" errors="0">
  <testcase name="checkSignupPage" time="6.938" classname="rough.TestSampleExtent"/>
</testsuite> <!-- rough.TestSampleExtent -->
