<?xml version="1.0" encoding="UTF-8"?>
<!-- Generated by org.testng.reporters.JUnitReportReporter -->
<testsuite skipped="6" hostname="BEL-FAMILLE" name="testCases.Login_Invalid_data_Tests" tests="6" failures="0" timestamp="29 Dec 2018 22:18:08 GMT" time="0.007" errors="0">
  <testcase name="loginInvalidData" time="0.001" classname="testCases.Login_Invalid_data_Tests">
    <skipped/>
  </testcase> <!-- loginInvalidData -->
  <testcase name="loginInvalidData" time="0.005" classname="testCases.Login_Invalid_data_Tests">
    <skipped/>
  </testcase> <!-- loginInvalidData -->
  <testcase name="loginInvalidData" time="0.001" classname="testCases.Login_Invalid_data_Tests">
    <skipped/>
  </testcase> <!-- loginInvalidData -->
  <testcase name="loginInvalidData" time="0.000" classname="testCases.Login_Invalid_data_Tests">
    <skipped/>
  </testcase> <!-- loginInvalidData -->
  <testcase name="loginInvalidData" time="0.000" classname="testCases.Login_Invalid_data_Tests">
    <skipped/>
  </testcase> <!-- loginInvalidData -->
  <testcase name="loginInvalidData" time="0.000" classname="testCases.Login_Invalid_data_Tests">
    <skipped/>
  </testcase> <!-- loginInvalidData -->
</testsuite> <!-- testCases.Login_Invalid_data_Tests -->
