<?xml version="1.0" encoding="UTF-8"?>
<!-- Generated by org.testng.reporters.JUnitReportReporter -->
<testsuite skipped="0" hostname="BEL-FAMILLE" name="testCases.Login_valid_data_Tests" tests="2" failures="0" timestamp="29 Dec 2018 22:18:08 GMT" time="3.176" errors="0">
  <testcase name="login_With_Valid_Data" time="1.976" classname="testCases.Login_valid_data_Tests"/>
  <testcase name="logout" time="1.200" classname="testCases.Login_valid_data_Tests"/>
</testsuite> <!-- testCases.Login_valid_data_Tests -->
