<?xml version="1.0" encoding="UTF-8"?>
<!-- Generated by org.testng.reporters.JUnitReportReporter -->
<testsuite skipped="0" hostname="BEL-FAMILLE" name="testCases.Login_valid_data_Tests" tests="2" failures="0" timestamp="28 dÃ©c. 2018 14:11:09 GMT" time="2.833" errors="0">
  <testcase name="login_With_Valid_Data" time="2.081" classname="testCases.Login_valid_data_Tests"/>
  <testcase name="logout" time="0.752" classname="testCases.Login_valid_data_Tests"/>
</testsuite> <!-- testCases.Login_valid_data_Tests -->
