<?xml version="1.0" encoding="UTF-8"?>
<!-- Generated by org.testng.reporters.JUnitReportReporter -->
<testsuite skipped="0" hostname="BEL-FAMILLE" name="testCases.Login_Invalid_data_Tests" tests="6" failures="0" timestamp="28 dÃ©c. 2018 14:11:09 GMT" time="10.124" errors="0">
  <testcase name="loginInvalidData" time="1.481" classname="testCases.Login_Invalid_data_Tests"/>
  <testcase name="loginInvalidData" time="1.384" classname="testCases.Login_Invalid_data_Tests"/>
  <testcase name="loginInvalidData" time="1.320" classname="testCases.Login_Invalid_data_Tests"/>
  <testcase name="loginInvalidData" time="2.068" classname="testCases.Login_Invalid_data_Tests"/>
  <testcase name="loginInvalidData" time="2.123" classname="testCases.Login_Invalid_data_Tests"/>
  <testcase name="loginInvalidData" time="1.748" classname="testCases.Login_Invalid_data_Tests"/>
</testsuite> <!-- testCases.Login_Invalid_data_Tests -->
